<?xml version="1.0" encoding="UTF-8"?>
<!-- Generated by org.testng.reporters.JUnitXMLReporter -->
<testsuite hostname="IT-PC" ignored="0" name="Free CRM Application Test" tests="3" failures="0" timestamp="18 Jun 2019 10:39:49 GMT" time="127.623" errors="0">
  <testcase name="verifyContactsPageLabel" time="4.065" classname="com.crm.qa.testcases.ContactsPageTest"/>
  <testcase name="verifyHomePageTitleTest" time="4.023" classname="com.crm.qa.testcases.HomePageTest"/>
  <testcase name="loginPageTitleTest" time="0.023" classname="com.crm.qa.testcases.LoginPageTest"/>
</testsuite> <!-- Free CRM Application Test -->
