<?xml version="1.0" encoding="UTF-8"?>
<testng-results skipped="0" failed="0" ignored="0" total="3" passed="3">
  <reporter-output>
  </reporter-output>
  <suite name="Free CRM Application Automation Test Suite" duration-ms="127623" started-at="2019-06-18T10:37:41Z" finished-at="2019-06-18T10:39:49Z">
    <groups>
    </groups>
    <test name="Free CRM Application Test" duration-ms="127623" started-at="2019-06-18T10:37:41Z" finished-at="2019-06-18T10:39:49Z">
      <class name="com.crm.qa.testcases.HomePageTest">
        <test-method status="PASS" signature="setUP()[pri:0, instance:com.crm.qa.testcases.HomePageTest@5700d6b1]" name="setUP" is-config="true" duration-ms="34485" started-at="2019-06-18T10:38:59Z" finished-at="2019-06-18T10:39:34Z">
          <reporter-output>
          </reporter-output>
        </test-method> <!-- setUP -->
        <test-method status="PASS" signature="verifyHomePageTitleTest()[pri:1, instance:com.crm.qa.testcases.HomePageTest@5700d6b1]" name="verifyHomePageTitleTest" duration-ms="4023" started-at="2019-06-18T10:39:34Z" finished-at="2019-06-18T10:39:38Z">
          <reporter-output>
          </reporter-output>
        </test-method> <!-- verifyHomePageTitleTest -->
        <test-method status="PASS" signature="tearDown()[pri:0, instance:com.crm.qa.testcases.HomePageTest@5700d6b1]" name="tearDown" is-config="true" duration-ms="876" started-at="2019-06-18T10:39:38Z" finished-at="2019-06-18T10:39:39Z">
          <reporter-output>
          </reporter-output>
        </test-method> <!-- tearDown -->
      </class> <!-- com.crm.qa.testcases.HomePageTest -->
      <class name="com.crm.qa.testcases.ContactsPageTest">
        <test-method status="PASS" signature="setUP()[pri:0, instance:com.crm.qa.testcases.ContactsPageTest@1ce92674]" name="setUP" is-config="true" duration-ms="73047" started-at="2019-06-18T10:37:41Z" finished-at="2019-06-18T10:38:54Z">
          <reporter-output>
          </reporter-output>
        </test-method> <!-- setUP -->
        <test-method status="PASS" signature="verifyContactsPageLabel()[pri:1, instance:com.crm.qa.testcases.ContactsPageTest@1ce92674]" name="verifyContactsPageLabel" duration-ms="4065" started-at="2019-06-18T10:38:54Z" finished-at="2019-06-18T10:38:58Z">
          <reporter-output>
          </reporter-output>
        </test-method> <!-- verifyContactsPageLabel -->
        <test-method status="PASS" signature="tearDown()[pri:0, instance:com.crm.qa.testcases.ContactsPageTest@1ce92674]" name="tearDown" is-config="true" duration-ms="878" started-at="2019-06-18T10:38:58Z" finished-at="2019-06-18T10:38:59Z">
          <reporter-output>
          </reporter-output>
        </test-method> <!-- tearDown -->
      </class> <!-- com.crm.qa.testcases.ContactsPageTest -->
      <class name="com.crm.qa.testcases.LoginPageTest">
        <test-method status="PASS" signature="setUp()[pri:0, instance:com.crm.qa.testcases.LoginPageTest@6fd02e5]" name="setUp" is-config="true" duration-ms="9321" started-at="2019-06-18T10:39:39Z" finished-at="2019-06-18T10:39:48Z">
          <reporter-output>
          </reporter-output>
        </test-method> <!-- setUp -->
        <test-method status="PASS" signature="loginPageTitleTest()[pri:1, instance:com.crm.qa.testcases.LoginPageTest@6fd02e5]" name="loginPageTitleTest" duration-ms="23" started-at="2019-06-18T10:39:48Z" finished-at="2019-06-18T10:39:48Z">
          <reporter-output>
          </reporter-output>
        </test-method> <!-- loginPageTitleTest -->
        <test-method status="PASS" signature="tearDown()[pri:0, instance:com.crm.qa.testcases.LoginPageTest@6fd02e5]" name="tearDown" is-config="true" duration-ms="833" started-at="2019-06-18T10:39:48Z" finished-at="2019-06-18T10:39:49Z">
          <reporter-output>
          </reporter-output>
        </test-method> <!-- tearDown -->
      </class> <!-- com.crm.qa.testcases.LoginPageTest -->
    </test> <!-- Free CRM Application Test -->
  </suite> <!-- Free CRM Application Automation Test Suite -->
</testng-results>
